<?xml version="1.0" encoding="UTF-8"?>
<!-- Generated by org.testng.reporters.JUnitReportReporter -->
<testsuite hostname="Krishna" failures="0" tests="4" name="com.qa.opencart.tests.LoginPageTest" time="1.328" errors="0" timestamp="03 May 2025 11:32:12 GMT" skipped="0">
  <testcase classname="com.qa.opencart.tests.LoginPageTest" name="loginPageTitleTest" time="0.141"/>
  <testcase classname="com.qa.opencart.tests.LoginPageTest" name="loginPageURLTest" time="0.023"/>
  <testcase classname="com.qa.opencart.tests.LoginPageTest" name="forgotPwdLinkExistsTest" time="0.101"/>
  <testcase classname="com.qa.opencart.tests.LoginPageTest" name="loginTest" time="1.063"/>
</testsuite> <!-- com.qa.opencart.tests.LoginPageTest -->
